[WARNING] 
[WARNING] Some problems were encountered while building the effective settings
[WARNING] 'profiles.profile[yfzx].repositories.repository.id' must be unique but found duplicate repository with id yfzx @ D:\apache-maven-3.1.1\conf\settings.xml
[WARNING] 
[INFO] Scanning for projects...
[WARNING] 
[WARNING] Some problems were encountered while building the effective model for com.glodon:eureka-provider:jar:0.0.1-SNAPSHOT
[WARNING] 'dependencyManagement.dependencies.dependency.exclusions.exclusion.artifactId' for com.netflix.eureka:eureka-core:jar with value '*' does not match a valid id pattern. @ org.springframework.cloud:spring-cloud-netflix-dependencies:1.3.0.RELEASE, D:\MavenLocalRepository\org\springframework\cloud\spring-cloud-netflix-dependencies\1.3.0.RELEASE\spring-cloud-netflix-dependencies-1.3.0.RELEASE.pom, line 275, column 19
[WARNING] 
[WARNING] It is highly recommended to fix these problems because they threaten the stability of your build.
[WARNING] 
[WARNING] For this reason, future Maven versions might no longer support building such malformed projects.
[WARNING] 
[INFO]                                                                         
[INFO] ------------------------------------------------------------------------
[INFO] Building eureka-provider 0.0.1-SNAPSHOT
[INFO] ------------------------------------------------------------------------
[INFO] 
[INFO] >>> spring-boot-maven-plugin:1.5.4.RELEASE:run (default-cli) @ eureka-provider >>>
[INFO] 
[INFO] --- maven-resources-plugin:2.6:resources (default-resources) @ eureka-provider ---
[INFO] Using 'UTF-8' encoding to copy filtered resources.
[INFO] Copying 1 resource
[INFO] Copying 0 resource
[INFO] 
[INFO] --- maven-compiler-plugin:3.1:compile (default-compile) @ eureka-provider ---
[INFO] Changes detected - recompiling the module!
[INFO] Compiling 2 source files to D:\eclipseworkspces\eureka-provider\target\classes
[INFO] 
[INFO] --- maven-resources-plugin:2.6:testResources (default-testResources) @ eureka-provider ---
[INFO] Using 'UTF-8' encoding to copy filtered resources.
[INFO] skip non existing resourceDirectory D:\eclipseworkspces\eureka-provider\src\test\resources
[INFO] 
[INFO] --- maven-compiler-plugin:3.1:testCompile (default-testCompile) @ eureka-provider ---
[INFO] Changes detected - recompiling the module!
[INFO] Compiling 1 source file to D:\eclipseworkspces\eureka-provider\target\test-classes
[INFO] 
[INFO] <<< spring-boot-maven-plugin:1.5.4.RELEASE:run (default-cli) @ eureka-provider <<<
[INFO] 
[INFO] --- spring-boot-maven-plugin:1.5.4.RELEASE:run (default-cli) @ eureka-provider ---
2018-04-18 15:59:25.095  INFO 11988 --- [           main] s.c.a.AnnotationConfigApplicationContext : Refreshing org.springframework.context.annotation.AnnotationConfigApplicationContext@2906bcf7: startup date [Wed Apr 18 15:59:25 CST 2018]; root of context hierarchy
2018-04-18 15:59:25.260  INFO 11988 --- [           main] f.a.AutowiredAnnotationBeanPostProcessor : JSR-330 'javax.inject.Inject' annotation found and supported for autowiring
2018-04-18 15:59:25.284  INFO 11988 --- [           main] trationDelegate$BeanPostProcessorChecker : Bean 'configurationPropertiesRebinderAutoConfiguration' of type [org.springframework.cloud.autoconfigure.ConfigurationPropertiesRebinderAutoConfiguration$$EnhancerBySpringCGLIB$$74948b18] is not eligible for getting processed by all BeanPostProcessors (for example: not eligible for auto-proxying)

  .   ____          _            __ _ _
 /\\ / ___'_ __ _ _(_)_ __  __ _ \ \ \ \
( ( )\___ | '_ | '_| | '_ \/ _` | \ \ \ \
 \\/  ___)| |_)| | | | | || (_| |  ) ) ) )
  '  |____| .__|_| |_|_| |_\__, | / / / /
 =========|_|==============|___/=/_/_/_/
 :: Spring Boot ::        (v1.5.4.RELEASE)

2018-04-18 15:59:25.656  INFO 11988 --- [           main] com.glodon.EurekaProviderApplication     : No active profile set, falling back to default profiles: default
2018-04-18 15:59:25.668  INFO 11988 --- [           main] ationConfigEmbeddedWebApplicationContext : Refreshing org.springframework.boot.context.embedded.AnnotationConfigEmbeddedWebApplicationContext@2182d054: startup date [Wed Apr 18 15:59:25 CST 2018]; parent: org.springframework.context.annotation.AnnotationConfigApplicationContext@2906bcf7
2018-04-18 15:59:26.093  INFO 11988 --- [           main] o.s.cloud.context.scope.GenericScope     : BeanFactory id=24f9e2e5-3cc2-33b4-97c1-de284f93ba43
2018-04-18 15:59:26.106  INFO 11988 --- [           main] f.a.AutowiredAnnotationBeanPostProcessor : JSR-330 'javax.inject.Inject' annotation found and supported for autowiring
2018-04-18 15:59:26.142  INFO 11988 --- [           main] trationDelegate$BeanPostProcessorChecker : Bean 'org.springframework.cloud.autoconfigure.ConfigurationPropertiesRebinderAutoConfiguration' of type [org.springframework.cloud.autoconfigure.ConfigurationPropertiesRebinderAutoConfiguration$$EnhancerBySpringCGLIB$$74948b18] is not eligible for getting processed by all BeanPostProcessors (for example: not eligible for auto-proxying)
2018-04-18 15:59:26.470  INFO 11988 --- [           main] s.b.c.e.t.TomcatEmbeddedServletContainer : Tomcat initialized with port(s): 9081 (http)
2018-04-18 15:59:26.478  INFO 11988 --- [           main] o.apache.catalina.core.StandardService   : Starting service [Tomcat]
2018-04-18 15:59:26.479  INFO 11988 --- [           main] org.apache.catalina.core.StandardEngine  : Starting Servlet Engine: Apache Tomcat/8.5.15
2018-04-18 15:59:26.568  INFO 11988 --- [ost-startStop-1] o.a.c.c.C.[Tomcat].[localhost].[/]       : Initializing Spring embedded WebApplicationContext
2018-04-18 15:59:26.568  INFO 11988 --- [ost-startStop-1] o.s.web.context.ContextLoader            : Root WebApplicationContext: initialization completed in 900 ms
2018-04-18 15:59:26.709  INFO 11988 --- [ost-startStop-1] o.s.b.w.servlet.ServletRegistrationBean  : Mapping servlet: 'dispatcherServlet' to [/]
2018-04-18 15:59:26.712  INFO 11988 --- [ost-startStop-1] o.s.b.w.servlet.FilterRegistrationBean   : Mapping filter: 'characterEncodingFilter' to: [/*]
2018-04-18 15:59:26.713  INFO 11988 --- [ost-startStop-1] o.s.b.w.servlet.FilterRegistrationBean   : Mapping filter: 'hiddenHttpMethodFilter' to: [/*]
2018-04-18 15:59:26.713  INFO 11988 --- [ost-startStop-1] o.s.b.w.servlet.FilterRegistrationBean   : Mapping filter: 'httpPutFormContentFilter' to: [/*]
2018-04-18 15:59:26.713  INFO 11988 --- [ost-startStop-1] o.s.b.w.servlet.FilterRegistrationBean   : Mapping filter: 'requestContextFilter' to: [/*]
2018-04-18 15:59:27.145  INFO 11988 --- [           main] s.w.s.m.m.a.RequestMappingHandlerAdapter : Looking for @ControllerAdvice: org.springframework.boot.context.embedded.AnnotationConfigEmbeddedWebApplicationContext@2182d054: startup date [Wed Apr 18 15:59:25 CST 2018]; parent: org.springframework.context.annotation.AnnotationConfigApplicationContext@2906bcf7
2018-04-18 15:59:27.195  INFO 11988 --- [           main] s.w.s.m.m.a.RequestMappingHandlerMapping : Mapped "{[/user/find/{id}],methods=[GET]}" onto public java.lang.String com.glodon.provider.UserProvider.find(java.lang.String,javax.servlet.http.HttpServletRequest)
2018-04-18 15:59:27.197  INFO 11988 --- [           main] s.w.s.m.m.a.RequestMappingHandlerMapping : Mapped "{[/error]}" onto public org.springframework.http.ResponseEntity<java.util.Map<java.lang.String, java.lang.Object>> org.springframework.boot.autoconfigure.web.BasicErrorController.error(javax.servlet.http.HttpServletRequest)
2018-04-18 15:59:27.198  INFO 11988 --- [           main] s.w.s.m.m.a.RequestMappingHandlerMapping : Mapped "{[/error],produces=[text/html]}" onto public org.springframework.web.servlet.ModelAndView org.springframework.boot.autoconfigure.web.BasicErrorController.errorHtml(javax.servlet.http.HttpServletRequest,javax.servlet.http.HttpServletResponse)
2018-04-18 15:59:27.220  INFO 11988 --- [           main] o.s.w.s.handler.SimpleUrlHandlerMapping  : Mapped URL path [/webjars/**] onto handler of type [class org.springframework.web.servlet.resource.ResourceHttpRequestHandler]
2018-04-18 15:59:27.221  INFO 11988 --- [           main] o.s.w.s.handler.SimpleUrlHandlerMapping  : Mapped URL path [/**] onto handler of type [class org.springframework.web.servlet.resource.ResourceHttpRequestHandler]
2018-04-18 15:59:27.251  INFO 11988 --- [           main] o.s.w.s.handler.SimpleUrlHandlerMapping  : Mapped URL path [/**/favicon.ico] onto handler of type [class org.springframework.web.servlet.resource.ResourceHttpRequestHandler]
2018-04-18 15:59:27.483  WARN 11988 --- [           main] c.n.c.sources.URLConfigurationSource     : No URLs will be polled as dynamic configuration sources.
2018-04-18 15:59:27.484  INFO 11988 --- [           main] c.n.c.sources.URLConfigurationSource     : To enable URLs as dynamic configuration sources, define System property archaius.configurationSource.additionalUrls or make config.properties available on classpath.
2018-04-18 15:59:27.488  WARN 11988 --- [           main] c.n.c.sources.URLConfigurationSource     : No URLs will be polled as dynamic configuration sources.
2018-04-18 15:59:27.488  INFO 11988 --- [           main] c.n.c.sources.URLConfigurationSource     : To enable URLs as dynamic configuration sources, define System property archaius.configurationSource.additionalUrls or make config.properties available on classpath.
2018-04-18 15:59:27.535  INFO 11988 --- [           main] o.s.j.e.a.AnnotationMBeanExporter        : Registering beans for JMX exposure on startup
2018-04-18 15:59:27.540  INFO 11988 --- [           main] o.s.j.e.a.AnnotationMBeanExporter        : Bean with name 'environmentManager' has been autodetected for JMX exposure
2018-04-18 15:59:27.541  INFO 11988 --- [           main] o.s.j.e.a.AnnotationMBeanExporter        : Bean with name 'configurationPropertiesRebinder' has been autodetected for JMX exposure
2018-04-18 15:59:27.542  INFO 11988 --- [           main] o.s.j.e.a.AnnotationMBeanExporter        : Bean with name 'refreshScope' has been autodetected for JMX exposure
2018-04-18 15:59:27.543  INFO 11988 --- [           main] o.s.j.e.a.AnnotationMBeanExporter        : Located managed bean 'environmentManager': registering with JMX server as MBean [org.springframework.cloud.context.environment:name=environmentManager,type=EnvironmentManager]
2018-04-18 15:59:27.551  INFO 11988 --- [           main] o.s.j.e.a.AnnotationMBeanExporter        : Located managed bean 'refreshScope': registering with JMX server as MBean [org.springframework.cloud.context.scope.refresh:name=refreshScope,type=RefreshScope]
2018-04-18 15:59:27.560  INFO 11988 --- [           main] o.s.j.e.a.AnnotationMBeanExporter        : Located managed bean 'configurationPropertiesRebinder': registering with JMX server as MBean [org.springframework.cloud.context.properties:name=configurationPropertiesRebinder,context=2182d054,type=ConfigurationPropertiesRebinder]
2018-04-18 15:59:27.647  INFO 11988 --- [           main] o.s.c.support.DefaultLifecycleProcessor  : Starting beans in phase 0
2018-04-18 15:59:27.653  INFO 11988 --- [           main] o.s.c.n.eureka.InstanceInfoFactory       : Setting initial instance status as: STARTING
2018-04-18 15:59:27.690  INFO 11988 --- [           main] com.netflix.discovery.DiscoveryClient    : Initializing Eureka in region us-east-1
2018-04-18 15:59:27.964  INFO 11988 --- [           main] c.n.d.provider.DiscoveryJerseyProvider   : Using JSON encoding codec LegacyJacksonJson
2018-04-18 15:59:27.965  INFO 11988 --- [           main] c.n.d.provider.DiscoveryJerseyProvider   : Using JSON decoding codec LegacyJacksonJson
2018-04-18 15:59:28.075  INFO 11988 --- [           main] c.n.d.provider.DiscoveryJerseyProvider   : Using XML encoding codec XStreamXml
2018-04-18 15:59:28.075  INFO 11988 --- [           main] c.n.d.provider.DiscoveryJerseyProvider   : Using XML decoding codec XStreamXml
2018-04-18 15:59:28.234  INFO 11988 --- [           main] c.n.d.s.r.aws.ConfigClusterResolver      : Resolving eureka endpoints via configuration
2018-04-18 15:59:28.315  INFO 11988 --- [           main] com.netflix.discovery.DiscoveryClient    : Disable delta property : false
2018-04-18 15:59:28.315  INFO 11988 --- [           main] com.netflix.discovery.DiscoveryClient    : Single vip registry refresh property : null
2018-04-18 15:59:28.315  INFO 11988 --- [           main] com.netflix.discovery.DiscoveryClient    : Force full registry fetch : false
2018-04-18 15:59:28.315  INFO 11988 --- [           main] com.netflix.discovery.DiscoveryClient    : Application is null : false
2018-04-18 15:59:28.315  INFO 11988 --- [           main] com.netflix.discovery.DiscoveryClient    : Registered Applications size is zero : true
2018-04-18 15:59:28.315  INFO 11988 --- [           main] com.netflix.discovery.DiscoveryClient    : Application version is -1: true
2018-04-18 15:59:28.315  INFO 11988 --- [           main] com.netflix.discovery.DiscoveryClient    : Getting all instance registry info from the eureka server
2018-04-18 15:59:28.427  INFO 11988 --- [           main] com.netflix.discovery.DiscoveryClient    : The response status is 200
2018-04-18 15:59:28.428  INFO 11988 --- [           main] com.netflix.discovery.DiscoveryClient    : Starting heartbeat executor: renew interval is: 30
2018-04-18 15:59:28.431  INFO 11988 --- [           main] c.n.discovery.InstanceInfoReplicator     : InstanceInfoReplicator onDemand update allowed rate per min is 4
2018-04-18 15:59:28.433  INFO 11988 --- [           main] com.netflix.discovery.DiscoveryClient    : Discovery Client initialized at timestamp 1524038368433 with initial instances count: 0
2018-04-18 15:59:28.454  INFO 11988 --- [           main] o.s.c.n.e.s.EurekaServiceRegistry        : Registering application api-user-server with eureka with status UP
2018-04-18 15:59:28.454  INFO 11988 --- [           main] com.netflix.discovery.DiscoveryClient    : Saw local status change event StatusChangeEvent [timestamp=1524038368454, current=UP, previous=STARTING]
2018-04-18 15:59:28.455  INFO 11988 --- [nfoReplicator-0] com.netflix.discovery.DiscoveryClient    : DiscoveryClient_API-USER-SERVER/10.1.94.34:9081: registering service...
2018-04-18 15:59:28.499  INFO 11988 --- [           main] s.b.c.e.t.TomcatEmbeddedServletContainer : Tomcat started on port(s): 9081 (http)
2018-04-18 15:59:28.500  INFO 11988 --- [           main] .s.c.n.e.s.EurekaAutoServiceRegistration : Updating port to 9081
2018-04-18 15:59:28.503  INFO 11988 --- [           main] com.glodon.EurekaProviderApplication     : Started EurekaProviderApplication in 3.817 seconds (JVM running for 7.382)
2018-04-18 15:59:28.505  INFO 11988 --- [nfoReplicator-0] com.netflix.discovery.DiscoveryClient    : DiscoveryClient_API-USER-SERVER/10.1.94.34:9081 - registration status: 204
2018-04-18 15:59:58.430  INFO 11988 --- [freshExecutor-0] com.netflix.discovery.DiscoveryClient    : Disable delta property : false
2018-04-18 15:59:58.430  INFO 11988 --- [freshExecutor-0] com.netflix.discovery.DiscoveryClient    : Single vip registry refresh property : null
2018-04-18 15:59:58.430  INFO 11988 --- [freshExecutor-0] com.netflix.discovery.DiscoveryClient    : Force full registry fetch : false
2018-04-18 15:59:58.430  INFO 11988 --- [freshExecutor-0] com.netflix.discovery.DiscoveryClient    : Application is null : false
2018-04-18 15:59:58.430  INFO 11988 --- [freshExecutor-0] com.netflix.discovery.DiscoveryClient    : Registered Applications size is zero : true
2018-04-18 15:59:58.430  INFO 11988 --- [freshExecutor-0] com.netflix.discovery.DiscoveryClient    : Application version is -1: false
2018-04-18 15:59:58.430  INFO 11988 --- [freshExecutor-0] com.netflix.discovery.DiscoveryClient    : Getting all instance registry info from the eureka server
2018-04-18 15:59:58.457  INFO 11988 --- [freshExecutor-0] com.netflix.discovery.DiscoveryClient    : The response status is 200
2018-04-18 16:03:46.160  INFO 11988 --- [nio-9081-exec-1] o.a.c.c.C.[Tomcat].[localhost].[/]       : Initializing Spring FrameworkServlet 'dispatcherServlet'
2018-04-18 16:03:46.160  INFO 11988 --- [nio-9081-exec-1] o.s.web.servlet.DispatcherServlet        : FrameworkServlet 'dispatcherServlet': initialization started
2018-04-18 16:03:46.178  INFO 11988 --- [nio-9081-exec-1] o.s.web.servlet.DispatcherServlet        : FrameworkServlet 'dispatcherServlet': initialization completed in 18 ms
2018-04-18 16:04:28.324  INFO 11988 --- [trap-executor-0] c.n.d.s.r.aws.ConfigClusterResolver      : Resolving eureka endpoints via configuration
2018-04-18 16:09:28.332  INFO 11988 --- [trap-executor-0] c.n.d.s.r.aws.ConfigClusterResolver      : Resolving eureka endpoints via configuration
2018-04-18 16:14:28.339  INFO 11988 --- [trap-executor-0] c.n.d.s.r.aws.ConfigClusterResolver      : Resolving eureka endpoints via configuration
2018-04-18 16:19:28.346  INFO 11988 --- [trap-executor-0] c.n.d.s.r.aws.ConfigClusterResolver      : Resolving eureka endpoints via configuration
2018-04-18 16:24:28.354  INFO 11988 --- [trap-executor-0] c.n.d.s.r.aws.ConfigClusterResolver      : Resolving eureka endpoints via configuration
2018-04-18 16:29:28.361  INFO 11988 --- [trap-executor-0] c.n.d.s.r.aws.ConfigClusterResolver      : Resolving eureka endpoints via configuration
2018-04-18 16:34:28.368  INFO 11988 --- [trap-executor-0] c.n.d.s.r.aws.ConfigClusterResolver      : Resolving eureka endpoints via configuration
2018-04-18 16:39:28.377  INFO 11988 --- [trap-executor-0] c.n.d.s.r.aws.ConfigClusterResolver      : Resolving eureka endpoints via configuration
2018-04-18 16:44:28.414  INFO 11988 --- [trap-executor-0] c.n.d.s.r.aws.ConfigClusterResolver      : Resolving eureka endpoints via configuration
2018-04-18 16:49:28.449  INFO 11988 --- [trap-executor-0] c.n.d.s.r.aws.ConfigClusterResolver      : Resolving eureka endpoints via configuration
2018-04-18 16:54:28.456  INFO 11988 --- [trap-executor-0] c.n.d.s.r.aws.ConfigClusterResolver      : Resolving eureka endpoints via configuration
2018-04-18 16:59:28.463  INFO 11988 --- [trap-executor-0] c.n.d.s.r.aws.ConfigClusterResolver      : Resolving eureka endpoints via configuration
2018-04-18 17:04:28.470  INFO 11988 --- [trap-executor-0] c.n.d.s.r.aws.ConfigClusterResolver      : Resolving eureka endpoints via configuration
2018-04-18 17:09:28.477  INFO 11988 --- [trap-executor-0] c.n.d.s.r.aws.ConfigClusterResolver      : Resolving eureka endpoints via configuration
2018-04-18 17:14:28.484  INFO 11988 --- [trap-executor-0] c.n.d.s.r.aws.ConfigClusterResolver      : Resolving eureka endpoints via configuration
2018-04-18 17:19:28.491  INFO 11988 --- [trap-executor-0] c.n.d.s.r.aws.ConfigClusterResolver      : Resolving eureka endpoints via configuration
2018-04-18 17:24:28.498  INFO 11988 --- [trap-executor-0] c.n.d.s.r.aws.ConfigClusterResolver      : Resolving eureka endpoints via configuration
2018-04-18 17:29:28.505  INFO 11988 --- [trap-executor-0] c.n.d.s.r.aws.ConfigClusterResolver      : Resolving eureka endpoints via configuration
     : BeanFactory id=24f9e2e5-3cc2-33b4-97c1-de284f93ba43
2018-04-18 15:59:41.791  INFO 13848 --- [           main] f.a.AutowiredAnnotationBeanPostProcessor : JSR-330 'javax.inject.Inject' annotation found and supported for autowiring
2018-04-18 15:59:41.825  INFO 13848 --- [           main] trationDelegate$BeanPostProcessorChecker : Bean 'org.springframework.cloud.autoconfigure.ConfigurationPropertiesRebinderAutoConfiguration' of type [org.springframework.cloud.autoconfigure.ConfigurationPropertiesRebinderAutoConfiguration$$EnhancerBySpringCGLIB$$3662321b] is not eligible for getting processed by all BeanPostProcessors (for example: not eligible for auto-proxying)
2018-04-18 15:59:42.128  INFO 13848 --- [           main] s.b.c.e.t.TomcatEmbeddedServletContainer : Tomcat initialized with port(s): 9082 (http)
2018-04-18 15:59:42.137  INFO 13848 --- [           main] o.apache.catalina.core.StandardService   : Starting service [Tomcat]
2018-04-18 15:59:42.138  INFO 13848 --- [           main] org.apache.catalina.core.StandardEngine  : Starting Servlet Engine: Apache Tomcat/8.5.15
2018-04-18 15:59:42.233  INFO 13848 --- [ost-startStop-1] o.a.c.c.C.[Tomcat].[localhost].[/]       : Initializing Spring embedded WebApplicationContext
2018-04-18 15:59:42.233  INFO 13848 --- [ost-startStop-1] o.s.web.context.ContextLoader            : Root WebApplicationContext: initialization completed in 943 ms
2018-04-18 15:59:42.347  INFO 13848 --- [ost-startStop-1] o.s.b.w.servlet.ServletRegistrationBean  : Mapping servlet: 'dispatcherServlet' to [/]
2018-04-18 15:59:42.351  INFO 13848 --- [ost-startStop-1] o.s.b.w.servlet.FilterRegistrationBean   : Mapping filter: 'characterEncodingFilter' to: [/*]
2018-04-18 15:59:42.352  INFO 13848 --- [ost-startStop-1] o.s.b.w.servlet.FilterRegistrationBean   : Mapping filter: 'hiddenHttpMethodFilter' to: [/*]
2018-04-18 15:59:42.352  INFO 13848 --- [ost-startStop-1] o.s.b.w.servlet.FilterRegistrationBean   : Mapping filter: 'httpPutFormContentFilter' to: [/*]
2018-04-18 15:59:42.352  INFO 13848 --- [ost-startStop-1] o.s.b.w.servlet.FilterRegistrationBean   : Mapping filter: 'requestContextFilter' to: [/*]
2018-04-18 15:59:42.793  INFO 13848 --- [           main] s.w.s.m.m.a.RequestMappingHandlerAdapter : Looking for @ControllerAdvice: org.springframework.boot.context.embedded.AnnotationConfigEmbeddedWebApplicationContext@5a7227a9: startup date [Wed Apr 18 15:59:41 CST 2018]; parent: org.springframework.context.annotation.AnnotationConfigApplicationContext@42c90d19
2018-04-18 15:59:42.853  INFO 13848 --- [           main] s.w.s.m.m.a.RequestMappingHandlerMapping : Mapped "{[/user/find/{id}],methods=[GET]}" onto public java.lang.String com.glodon.provider.UserProvider.find(java.lang.String,javax.servlet.http.HttpServletRequest)
2018-04-18 15:59:42.855  INFO 13848 --- [           main] s.w.s.m.m.a.RequestMappingHandlerMapping : Mapped "{[/error]}" onto public org.springframework.http.ResponseEntity<java.util.Map<java.lang.String, java.lang.Object>> org.springframework.boot.autoconfigure.web.BasicErrorController.error(javax.servlet.http.HttpServletRequest)
2018-04-18 15:59:42.855  INFO 13848 --- [           main] s.w.s.m.m.a.RequestMappingHandlerMapping : Mapped "{[/error],produces=[text/html]}" onto public org.springframework.web.servlet.ModelAndView org.springframework.boot.autoconfigure.web.BasicErrorController.errorHtml(javax.servlet.http.HttpServletRequest,javax.servlet.http.HttpServletResponse)
2018-04-18 15:59:42.878  INFO 13848 --- [           main] o.s.w.s.handler.SimpleUrlHandlerMapping  : Mapped URL path [/webjars/**] onto handler of type [class org.springframework.web.servlet.resource.ResourceHttpRequestHandler]
2018-04-18 15:59:42.878  INFO 13848 --- [           main] o.s.w.s.handler.SimpleUrlHandlerMapping  : Mapped URL path [/**] onto handler of type [class org.springframework.web.servlet.resource.ResourceHttpRequestHandler]
2018-04-18 15:59:42.910  INFO 13848 --- [           main] o.s.w.s.handler.SimpleUrlHandlerMapping  : Mapped URL path [/**/favicon.ico] onto handler of type [class org.springframework.web.servlet.resource.ResourceHttpRequestHandler]
2018-04-18 15:59:43.129  WARN 13848 --- [           main] c.n.c.sources.URLConfigurationSource     : No URLs will be polled as dynamic configuration sources.
2018-04-18 15:59:43.129  INFO 13848 --- [           main] c.n.c.sources.URLConfigurationSource     : To enable URLs as dynamic configuration sources, define System property archaius.configurationSource.additionalUrls or make config.properties available on classpath.
2018-04-18 15:59:43.135  WARN 13848 --- [           main] c.n.c.sources.URLConfigurationSource     : No URLs will be polled as dynamic configuration sources.
2018-04-18 15:59:43.135  INFO 13848 --- [           main] c.n.c.sources.URLConfigurationSource     : To enable URLs as dynamic configuration sources, define System property archaius.configurationSource.additionalUrls or make config.properties available on classpath.
2018-04-18 15:59:43.183  INFO 13848 --- [           main] o.s.j.e.a.AnnotationMBeanExporter        : Registering beans for JMX exposure on startup
2018-04-18 15:59:43.190  INFO 13848 --- [           main] o.s.j.e.a.AnnotationMBeanExporter        : Bean with name 'environmentManager' has been autodetected for JMX exposure
2018-04-18 15:59:43.191  INFO 13848 --- [           main] o.s.j.e.a.AnnotationMBeanExporter        : Bean with name 'configurationPropertiesRebinder' has been autodetected for JMX exposure
2018-04-18 15:59:43.192  INFO 13848 --- [           main] o.s.j.e.a.AnnotationMBeanExporter        : Bean with name 'refreshScope' has been autodetected for JMX exposure
2018-04-18 15:59:43.194  INFO 13848 --- [           main] o.s.j.e.a.AnnotationMBeanExporter        : Located managed bean 'environmentManager': registering with JMX server as MBean [org.springframework.cloud.context.environment:name=environmentManager,type=EnvironmentManager]
2018-04-18 15:59:43.203  INFO 13848 --- [           main] o.s.j.e.a.AnnotationMBeanExporter        : Located managed bean 'refreshScope': registering with JMX server as MBean [org.springframework.cloud.context.scope.refresh:name=refreshScope,type=RefreshScope]
2018-04-18 15:59:43.210  INFO 13848 --- [           main] o.s.j.e.a.AnnotationMBeanExporter        : Located managed bean 'configurationPropertiesRebinder': registering with JMX server as MBean [org.springframework.cloud.context.properties:name=configurationPropertiesRebinder,context=5a7227a9,type=ConfigurationPropertiesRebinder]
2018-04-18 15:59:43.277  INFO 13848 --- [           main] o.s.c.support.DefaultLifecycleProcessor  : Starting beans in phase 0
2018-04-18 15:59:43.283  INFO 13848 --- [           main] o.s.c.n.eureka.InstanceInfoFactory       : Setting initial instance status as: STARTING
2018-04-18 15:59:43.318  INFO 13848 --- [           main] com.netflix.discovery.DiscoveryClient    : Initializing Eureka in region us-east-1
2018-04-18 15:59:43.590  INFO 13848 --- [           main] c.n.d.provider.DiscoveryJerseyProvider   : Using JSON encoding codec LegacyJacksonJson
2018-04-18 15:59:43.590  INFO 13848 --- [           main] c.n.d.provider.DiscoveryJerseyProvider   : Using JSON decoding codec LegacyJacksonJson
2018-04-18 15:59:43.678  INFO 13848 --- [           main] c.n.d.provider.DiscoveryJerseyProvider   : Using XML encoding codec XStreamXml
2018-04-18 15:59:43.678  INFO 13848 --- [           main] c.n.d.provider.DiscoveryJerseyProvider   : Using XML decoding codec XStreamXml
2018-04-18 15:59:43.838  INFO 13848 --- [           main] c.n.d.s.r.aws.ConfigClusterResolver      : Resolving eureka endpoints via configuration
2018-04-18 15:59:43.918  INFO 13848 --- [           main] com.netflix.discovery.DiscoveryClient    : Disable delta property : false
2018-04-18 15:59:43.918  INFO 13848 --- [           main] com.netflix.discovery.DiscoveryClient    : Single vip registry refresh property : null
2018-04-18 15:59:43.918  INFO 13848 --- [           main] com.netflix.discovery.DiscoveryClient    : Force full registry fetch : false
2018-04-18 15:59:43.918  INFO 13848 --- [           main] com.netflix.discovery.DiscoveryClient    : Application is null : false
2018-04-18 15:59:43.918  INFO 13848 --- [           main] com.netflix.discovery.DiscoveryClient    : Registered Applications size is zero : true
2018-04-18 15:59:43.918  INFO 13848 --- [           main] com.netflix.discovery.DiscoveryClient    : Application version is -1: true
2018-04-18 15:59:43.918  INFO 13848 --- [           main] com.netflix.discovery.DiscoveryClient    : Getting all instance registry info from the eureka server
2018-04-18 15:59:44.091  INFO 13848 --- [           main] com.netflix.discovery.DiscoveryClient    : The response status is 200
2018-04-18 15:59:44.092  INFO 13848 --- [           main] com.netflix.discovery.DiscoveryClient    : Starting heartbeat executor: renew interval is: 30
2018-04-18 15:59:44.094  INFO 13848 --- [           main] c.n.discovery.InstanceInfoReplicator     : InstanceInfoReplicator onDemand update allowed rate per min is 4
2018-04-18 15:59:44.097  INFO 13848 --- [           main] com.netflix.discovery.DiscoveryClient    : Discovery Client initialized at timestamp 1524038384097 with initial instances count: 1
2018-04-18 15:59:44.116  INFO 13848 --- [           main] o.s.c.n.e.s.EurekaServiceRegistry        : Registering application api-user-server with eureka with status UP
2018-04-18 15:59:44.117  INFO 13848 --- [           main] com.netflix.discovery.DiscoveryClient    : Saw local status change event StatusChangeEvent [timestamp=1524038384117, current=UP, previous=STARTING]
2018-04-18 15:59:44.119  INFO 13848 --- [nfoReplicator-0] com.netflix.discovery.DiscoveryClient    : DiscoveryClient_API-USER-SERVER/10.1.94.34:9082: registering service...
2018-04-18 15:59:44.148  INFO 13848 --- [nfoReplicator-0] com.netflix.discovery.DiscoveryClient    : DiscoveryClient_API-USER-SERVER/10.1.94.34:9082 - registration status: 204
2018-04-18 15:59:44.166  INFO 13848 --- [           main] s.b.c.e.t.TomcatEmbeddedServletContainer : Tomcat started on port(s): 9082 (http)
2018-04-18 15:59:44.167  INFO 13848 --- [           main] .s.c.n.e.s.EurekaAutoServiceRegistration : Updating port to 9082
2018-04-18 15:59:44.169  INFO 13848 --- [           main] com.glodon.EurekaProviderApplication     : Started EurekaProviderApplication in 3.912 seconds (JVM running for 6.607)
2018-04-18 16:03:38.353  INFO 13848 --- [nio-9082-exec-1] o.a.c.c.C.[Tomcat].[localhost].[/]       : Initializing Spring FrameworkServlet 'dispatcherServlet'
2018-04-18 16:03:38.353  INFO 13848 --- [nio-9082-exec-1] o.s.web.servlet.DispatcherServlet        : FrameworkServlet 'dispatcherServlet': initialization started
2018-04-18 16:03:38.369  INFO 13848 --- [nio-9082-exec-1] o.s.web.servlet.DispatcherServlet        : FrameworkServlet 'dispatcherServlet': initialization completed in 16 ms
2018-04-18 16:04:43.926  INFO 13848 --- [trap-executor-0] c.n.d.s.r.aws.ConfigClusterResolver      : Resolving eureka endpoints via configuration
2018-04-18 16:09:43.934  INFO 13848 --- [trap-executor-0] c.n.d.s.r.aws.ConfigClusterResolver      : Resolving eureka endpoints via configuration
2018-04-18 16:14:43.942  INFO 13848 --- [trap-executor-0] c.n.d.s.r.aws.ConfigClusterResolver      : Resolving eureka endpoints via configuration
2018-04-18 16:19:43.949  INFO 13848 --- [trap-executor-0] c.n.d.s.r.aws.ConfigClusterResolver      : Resolving eureka endpoints via configuration
2018-04-18 16:24:43.957  INFO 13848 --- [trap-executor-0] c.n.d.s.r.aws.ConfigClusterResolver      : Resolving eureka endpoints via configuration
2018-04-18 16:29:43.964  INFO 13848 --- [trap-executor-0] c.n.d.s.r.aws.ConfigClusterResolver      : Resolving eureka endpoints via configuration
2018-04-18 16:34:43.971  INFO 13848 --- [trap-executor-0] c.n.d.s.r.aws.ConfigClusterResolver      : Resolving eureka endpoints via configuration
2018-04-18 16:39:43.982  INFO 13848 --- [trap-executor-0] c.n.d.s.r.aws.ConfigClusterResolver      : Resolving eureka endpoints via configuration
2018-04-18 16:44:44.019  INFO 13848 --- [trap-executor-0] c.n.d.s.r.aws.ConfigClusterResolver      : Resolving eureka endpoints via configuration
2018-04-18 16:49:44.052  INFO 13848 --- [trap-executor-0] c.n.d.s.r.aws.ConfigClusterResolver      : Resolving eureka endpoints via configuration
2018-04-18 16:54:44.059  INFO 13848 --- [trap-executor-0] c.n.d.s.r.aws.ConfigClusterResolver      : Resolving eureka endpoints via configuration
2018-04-18 16:59:44.066  INFO 13848 --- [trap-executor-0] c.n.d.s.r.aws.ConfigClusterResolver      : Resolving eureka endpoints via configuration
2018-04-18 17:04:44.073  INFO 13848 --- [trap-executor-0] c.n.d.s.r.aws.ConfigClusterResolver      : Resolving eureka endpoints via configuration
2018-04-18 17:09:44.080  INFO 13848 --- [trap-executor-0] c.n.d.s.r.aws.ConfigClusterResolver      : Resolving eureka endpoints via configuration
2018-04-18 17:14:44.087  INFO 13848 --- [trap-executor-0] c.n.d.s.r.aws.ConfigClusterResolver      : Resolving eureka endpoints via configuration
2018-04-18 17:19:44.095  INFO 13848 --- [trap-executor-0] c.n.d.s.r.aws.ConfigClusterResolver      : Resolving eureka endpoints via configuration
2018-04-18 17:24:44.102  INFO 13848 --- [trap-executor-0] c.n.d.s.r.aws.ConfigClusterResolver      : Resolving eureka endpoints via configuration
2018-04-18 17:29:44.109  INFO 13848 --- [trap-executor-0] c.n.d.s.r.aws.ConfigClusterResolver      : Resolving eureka endpoints via configuration
